2026-04-16 01:59:44,555 INFO o.a.j.u.JMeterUtils: Setting Locale to en_EN
2026-04-16 01:59:44,577 INFO o.a.j.JMeter: Loading user properties from: C:\Users\ANGIE CUNINGHAN\OneDrive\Documentos\apache-jmeter-5.6.3\bin\user.properties
2026-04-16 01:59:44,578 INFO o.a.j.JMeter: Loading system properties from: C:\Users\ANGIE CUNINGHAN\OneDrive\Documentos\apache-jmeter-5.6.3\bin\system.properties
2026-04-16 01:59:44,587 INFO o.a.j.JMeter: Copyright (c) 1998-2024 The Apache Software Foundation
2026-04-16 01:59:44,587 INFO o.a.j.JMeter: Version 5.6.3
2026-04-16 01:59:44,587 INFO o.a.j.JMeter: java.version=17.0.12
2026-04-16 01:59:44,587 INFO o.a.j.JMeter: java.vm.name=Java HotSpot(TM) 64-Bit Server VM
2026-04-16 01:59:44,587 INFO o.a.j.JMeter: os.name=Windows 11
2026-04-16 01:59:44,587 INFO o.a.j.JMeter: os.arch=amd64
2026-04-16 01:59:44,587 INFO o.a.j.JMeter: os.version=10.0
2026-04-16 01:59:44,587 INFO o.a.j.JMeter: file.encoding=Cp1252
2026-04-16 01:59:44,587 INFO o.a.j.JMeter: java.awt.headless=true
2026-04-16 01:59:44,587 INFO o.a.j.JMeter: Max memory     =1073741824
2026-04-16 01:59:44,587 INFO o.a.j.JMeter: Available Processors =16
2026-04-16 01:59:44,598 INFO o.a.j.JMeter: Default Locale=English (EN)
2026-04-16 01:59:44,599 INFO o.a.j.JMeter: JMeter  Locale=English (EN)
2026-04-16 01:59:44,599 INFO o.a.j.JMeter: JMeterHome=C:\Users\ANGIE CUNINGHAN\OneDrive\Documentos\apache-jmeter-5.6.3
2026-04-16 01:59:44,599 INFO o.a.j.JMeter: user.dir  =C:\Users\ANGIE CUNINGHAN\Downloads\PruebaCarga\Reporte
2026-04-16 01:59:44,599 INFO o.a.j.JMeter: PWD       =C:\Users\ANGIE CUNINGHAN\Downloads\PruebaCarga\Reporte
2026-04-16 01:59:44,605 INFO o.a.j.JMeter: IP: 192.168.2.10 Name: DESKTOP-23434OM FullName: DESKTOP-23434OM
2026-04-16 01:59:44,621 INFO o.a.j.JMeter: Setting property 'jmeter.reportgenerator.outputdir' to:'C:\Users\ANGIE CUNINGHAN\Downloads\PruebaCarga\Reporte\ReporteHTML'
2026-04-16 01:59:44,624 INFO o.a.j.r.d.ReportGenerator: ReportGenerator will use for Parsing the separator: ','
2026-04-16 01:59:44,625 INFO o.a.j.r.d.ReportGenerator: Will only generate report from results file: C:\Users\ANGIE CUNINGHAN\Downloads\PruebaCarga\Reporte\resultados.jtl
2026-04-16 01:59:44,625 INFO o.a.j.r.d.ReportGenerator: Reading report generator properties from: C:\Users\ANGIE CUNINGHAN\OneDrive\Documentos\apache-jmeter-5.6.3\bin\reportgenerator.properties
2026-04-16 01:59:44,628 INFO o.a.j.r.d.ReportGenerator: Merging with JMeter properties
2026-04-16 01:59:44,632 INFO o.a.j.r.c.ReportGeneratorConfiguration: Property 'jmeter.reportgenerator.temp_dir' not found, using default value 'temp' instead.
2026-04-16 01:59:44,637 INFO o.a.j.r.c.ReportGeneratorConfiguration: Property 'jmeter.reportgenerator.apdex_per_transaction' not found, using default value 'null' instead.
2026-04-16 01:59:44,643 INFO o.a.j.r.c.ReportGeneratorConfiguration: apdex_per_transaction is empty, not APDEX per transaction customization
2026-04-16 01:59:44,643 INFO o.a.j.r.c.ReportGeneratorConfiguration: Property 'jmeter.reportgenerator.sample_filter' not found, using default value 'null' instead.
2026-04-16 01:59:44,643 INFO o.a.j.r.c.ReportGeneratorConfiguration: Property 'jmeter.reportgenerator.report_title' not found, using default value 'null' instead.
2026-04-16 01:59:44,643 INFO o.a.j.r.c.ReportGeneratorConfiguration: Property 'jmeter.reportgenerator.start_date' not found, using default value 'null' instead.
2026-04-16 01:59:44,643 INFO o.a.j.r.c.ReportGeneratorConfiguration: Property 'jmeter.reportgenerator.end_date' not found, using default value 'null' instead.
2026-04-16 01:59:44,643 INFO o.a.j.r.c.ReportGeneratorConfiguration: Property 'jmeter.reportgenerator.date_format' not found, using default value 'null' instead.
2026-04-16 01:59:44,644 INFO o.a.j.r.c.ReportGeneratorConfiguration: Will use date range start date: null, end date: null
2026-04-16 01:59:44,648 INFO o.a.j.r.c.ReportGeneratorConfiguration: Property 'jmeter.reportgenerator.graph.totalTPS.exclude_controllers' not found, using default value 'false' instead.
2026-04-16 01:59:44,648 INFO o.a.j.r.c.ReportGeneratorConfiguration: Property 'jmeter.reportgenerator.graph.activeThreadsOverTime.exclude_controllers' not found, using default value 'false' instead.
2026-04-16 01:59:44,648 INFO o.a.j.r.c.ReportGeneratorConfiguration: Property 'jmeter.reportgenerator.graph.timeVsThreads.exclude_controllers' not found, using default value 'false' instead.
2026-04-16 01:59:44,648 INFO o.a.j.r.c.ReportGeneratorConfiguration: Property 'jmeter.reportgenerator.graph.responseTimeDistribution.exclude_controllers' not found, using default value 'false' instead.
2026-04-16 01:59:44,649 INFO o.a.j.r.c.ReportGeneratorConfiguration: Property 'jmeter.reportgenerator.graph.transactionsPerSecond.exclude_controllers' not found, using default value 'false' instead.
2026-04-16 01:59:44,649 INFO o.a.j.r.c.ReportGeneratorConfiguration: Property 'jmeter.reportgenerator.graph.responseTimePercentiles.exclude_controllers' not found, using default value 'false' instead.
2026-04-16 01:59:44,649 INFO o.a.j.r.c.ReportGeneratorConfiguration: Property 'jmeter.reportgenerator.graph.responseTimePercentilesOverTime.exclude_controllers' not found, using default value 'false' instead.
2026-04-16 01:59:44,649 INFO o.a.j.r.c.ReportGeneratorConfiguration: Property 'jmeter.reportgenerator.graph.responseTimesOverTime.exclude_controllers' not found, using default value 'false' instead.
2026-04-16 01:59:44,649 INFO o.a.j.r.c.ReportGeneratorConfiguration: Property 'jmeter.reportgenerator.graph.connectTimeOverTime.exclude_controllers' not found, using default value 'false' instead.
2026-04-16 01:59:44,649 INFO o.a.j.r.c.ReportGeneratorConfiguration: Property 'jmeter.reportgenerator.graph.latenciesOverTime.exclude_controllers' not found, using default value 'false' instead.
2026-04-16 01:59:44,650 INFO o.a.j.r.c.ReportGeneratorConfiguration: Property 'jmeter.reportgenerator.exporter.json.filters_only_sample_series' not found, using default value 'true' instead.
2026-04-16 01:59:44,650 INFO o.a.j.r.c.ReportGeneratorConfiguration: Property 'jmeter.reportgenerator.exporter.json.series_filter' not found, using default value '' instead.
2026-04-16 01:59:44,650 INFO o.a.j.r.c.ReportGeneratorConfiguration: Property 'jmeter.reportgenerator.exporter.json.show_controllers_only' not found, using default value 'false' instead.
2026-04-16 01:59:44,651 INFO o.a.j.r.c.ReportGeneratorConfiguration: Property 'jmeter.reportgenerator.exporter.html.filters_only_sample_series' not found, using default value 'true' instead.
2026-04-16 01:59:44,651 INFO o.a.j.r.c.ReportGeneratorConfiguration: Property 'jmeter.reportgenerator.exporter.html.series_filter' not found, using default value '' instead.
2026-04-16 01:59:44,651 INFO o.a.j.r.c.ReportGeneratorConfiguration: Property 'jmeter.reportgenerator.exporter.html.show_controllers_only' not found, using default value 'false' instead.
2026-04-16 01:59:44,889 INFO o.a.j.s.SaveService: Testplan (JMX) version: 2.2. Testlog (JTL) version: 2.2
2026-04-16 01:59:44,912 INFO o.a.j.s.SaveService: Using SaveService properties version 5.0
2026-04-16 01:59:44,915 INFO o.a.j.s.SaveService: Using SaveService properties file encoding UTF-8
2026-04-16 01:59:44,937 INFO o.a.j.r.p.NormalizerSampleConsumer: Using format, 'ms', to parse timeStamp field
2026-04-16 01:59:45,168 INFO o.a.j.r.p.AbstractSampleConsumer: class org.apache.jmeter.report.processor.AggregateConsumer#stopProducing(): beginDate produced 0 samples
2026-04-16 01:59:45,168 INFO o.a.j.r.p.AbstractSampleConsumer: class org.apache.jmeter.report.processor.AggregateConsumer#stopProducing(): endDate produced 0 samples
2026-04-16 01:59:45,176 INFO o.a.j.r.p.AbstractSampleConsumer: class org.apache.jmeter.report.processor.ApdexSummaryConsumer#stopProducing(): apdexSummary produced 0 samples
2026-04-16 01:59:45,176 INFO o.a.j.r.p.AbstractSampleConsumer: class org.apache.jmeter.report.processor.RequestsSummaryConsumer#stopProducing(): requestsSummary produced 0 samples
2026-04-16 01:59:45,188 INFO o.a.j.r.p.AbstractSampleConsumer: class org.apache.jmeter.report.processor.StatisticsSummaryConsumer#stopProducing(): statisticsSummary produced 0 samples
2026-04-16 01:59:45,193 INFO o.a.j.r.p.AbstractSampleConsumer: class org.apache.jmeter.report.processor.Top5ErrorsBySamplerConsumer#stopProducing(): top5ErrorsBySampler produced 0 samples
2026-04-16 01:59:45,193 INFO o.a.j.r.p.AbstractSampleConsumer: class org.apache.jmeter.report.processor.ErrorsSummaryConsumer#stopProducing(): errorsSummary produced 0 samples
2026-04-16 01:59:45,193 INFO o.a.j.r.p.AbstractSampleConsumer: class org.apache.jmeter.report.processor.graph.impl.HitsPerSecondGraphConsumer#stopProducing(): hitsPerSecond produced 0 samples
2026-04-16 01:59:45,244 INFO o.a.j.r.p.AbstractSampleConsumer: class org.apache.jmeter.report.processor.graph.impl.LatencyVSRequestGraphConsumer#stopProducing(): latencyVsRequest produced 0 samples
2026-04-16 01:59:45,245 INFO o.a.j.r.p.AbstractSampleConsumer: class org.apache.jmeter.report.processor.graph.impl.SyntheticResponseTimeDistributionGraphConsumer#stopProducing(): syntheticResponseTimeDistribution produced 0 samples
2026-04-16 01:59:45,245 INFO o.a.j.r.p.AbstractSampleConsumer: class org.apache.jmeter.report.processor.graph.impl.BytesThroughputGraphConsumer#stopProducing(): bytesThroughputOverTime produced 0 samples
2026-04-16 01:59:45,246 INFO o.a.j.r.p.AbstractSampleConsumer: class org.apache.jmeter.report.processor.graph.impl.CodesPerSecondGraphConsumer#stopProducing(): codesPerSecond produced 0 samples
2026-04-16 01:59:45,280 INFO o.a.j.r.p.AbstractSampleConsumer: class org.apache.jmeter.report.processor.graph.impl.ResponseTimeVSRequestGraphConsumer#stopProducing(): responseTimeVsRequest produced 0 samples
2026-04-16 01:59:45,281 INFO o.a.j.r.p.AbstractSampleConsumer: class org.apache.jmeter.report.processor.FilterConsumer#stopProducing(): startIntervalControlerFilter produced 11025 samples
2026-04-16 01:59:45,281 INFO o.a.j.r.p.AbstractSampleConsumer: class org.apache.jmeter.report.processor.graph.impl.TotalTPSGraphConsumer#stopProducing(): totalTPS produced 0 samples
2026-04-16 01:59:45,281 INFO o.a.j.r.p.AbstractSampleConsumer: class org.apache.jmeter.report.processor.graph.impl.ActiveThreadsGraphConsumer#stopProducing(): activeThreadsOverTime produced 0 samples
2026-04-16 01:59:45,281 INFO o.a.j.r.p.AbstractSampleConsumer: class org.apache.jmeter.report.processor.graph.impl.TimeVSThreadGraphConsumer#stopProducing(): timeVsThreads produced 0 samples
2026-04-16 01:59:45,282 INFO o.a.j.r.p.AbstractSampleConsumer: class org.apache.jmeter.report.processor.graph.impl.ResponseTimeDistributionGraphConsumer#stopProducing(): responseTimeDistribution produced 0 samples
2026-04-16 01:59:45,282 INFO o.a.j.r.p.AbstractSampleConsumer: class org.apache.jmeter.report.processor.graph.impl.TransactionsPerSecondGraphConsumer#stopProducing(): transactionsPerSecond produced 0 samples
2026-04-16 01:59:45,282 INFO o.a.j.r.p.AbstractSampleConsumer: class org.apache.jmeter.report.processor.graph.impl.ResponseTimePercentilesGraphConsumer#stopProducing(): responseTimePercentiles produced 0 samples
2026-04-16 01:59:45,282 INFO o.a.j.r.p.AbstractSampleConsumer: class org.apache.jmeter.report.processor.graph.impl.ResponseTimePercentilesOverTimeGraphConsumer#stopProducing(): responseTimePercentilesOverTime produced 0 samples
2026-04-16 01:59:45,283 INFO o.a.j.r.p.AbstractSampleConsumer: class org.apache.jmeter.report.processor.graph.impl.ResponseTimeOverTimeGraphConsumer#stopProducing(): responseTimesOverTime produced 0 samples
2026-04-16 01:59:45,284 INFO o.a.j.r.p.AbstractSampleConsumer: class org.apache.jmeter.report.processor.graph.impl.ConnectTimeOverTimeGraphConsumer#stopProducing(): connectTimeOverTime produced 0 samples
2026-04-16 01:59:45,284 INFO o.a.j.r.p.AbstractSampleConsumer: class org.apache.jmeter.report.processor.graph.impl.LatencyOverTimeGraphConsumer#stopProducing(): latenciesOverTime produced 0 samples
2026-04-16 01:59:45,284 INFO o.a.j.r.p.AbstractSampleConsumer: class org.apache.jmeter.report.processor.FilterConsumer#stopProducing(): nameFilter produced 23625 samples
2026-04-16 01:59:45,284 INFO o.a.j.r.p.AbstractSampleConsumer: class org.apache.jmeter.report.processor.FilterConsumer#stopProducing(): dateRangeFilter produced 4725 samples
2026-04-16 01:59:45,284 INFO o.a.j.r.p.AbstractSampleConsumer: class org.apache.jmeter.report.processor.NormalizerSampleConsumer#stopProducing(): normalizer produced 1575 samples
2026-04-16 01:59:45,285 INFO o.a.j.r.p.CsvFileSampleSource: produce(): 1575 samples produced in 311ms on channel 0
2026-04-16 01:59:45,286 INFO o.a.j.r.d.ReportGenerator: Exporting data using exporter:'json' of className:'org.apache.jmeter.report.dashboard.JsonExporter'
2026-04-16 01:59:45,396 INFO o.a.j.r.d.JsonExporter: Found data for consumer statisticsSummary in context
2026-04-16 01:59:45,396 INFO o.a.j.r.d.JsonExporter: Creating statistics for overall
2026-04-16 01:59:45,397 INFO o.a.j.r.d.JsonExporter: Creating statistics for other transactions
2026-04-16 01:59:45,398 INFO o.a.j.r.d.JsonExporter: Checking output folder
2026-04-16 01:59:45,398 INFO o.a.j.r.d.JsonExporter: Writing statistics JSON to C:\Users\ANGIE CUNINGHAN\Downloads\PruebaCarga\Reporte\ReporteHTML\statistics.json
2026-04-16 01:59:45,436 INFO o.a.j.r.d.ReportGenerator: Exporting data using exporter:'html' of className:'org.apache.jmeter.report.dashboard.HtmlTemplateExporter'
2026-04-16 01:59:45,439 INFO o.a.j.r.d.HtmlTemplateExporter: Will generate dashboard in folder: C:\Users\ANGIE CUNINGHAN\Downloads\PruebaCarga\Reporte\ReporteHTML
2026-04-16 01:59:45,562 INFO o.a.j.r.d.HtmlTemplateExporter: Report will be generated in: C:\Users\ANGIE CUNINGHAN\Downloads\PruebaCarga\Reporte\ReporteHTML, creating folder structure
2026-04-16 01:59:45,567 INFO o.a.j.r.d.TemplateVisitor: Copying folder from 'C:\Users\ANGIE CUNINGHAN\OneDrive\Documentos\apache-jmeter-5.6.3\bin\report-template' to 'C:\Users\ANGIE CUNINGHAN\Downloads\PruebaCarga\Reporte\ReporteHTML', got message: C:\Users\ANGIE CUNINGHAN\Downloads\PruebaCarga\Reporte\ReporteHTML, found non empty folder with following content [C:\Users\ANGIE CUNINGHAN\Downloads\PruebaCarga\Reporte\ReporteHTML\statistics.json], will be ignored
